<?xml version="1.0" encoding="UTF-8"?>
<testsuite name="pl.pjaskiewicz.udemy.cjm.sec8.lec67.PJ.AdditionTest" tests="1" skipped="0" failures="0" errors="0" timestamp="2018-05-26T10:41:46" hostname="DESKTOP-LOCDJ4N" time="0.001">
  <properties/>
  <testcase name="checkTotalPrice" classname="pl.pjaskiewicz.udemy.cjm.sec8.lec67.PJ.AdditionTest" time="0.001"/>
  <system-out><![CDATA[]]></system-out>
  <system-err><![CDATA[]]></system-err>
</testsuite>
