<?xml version="1.0" encoding="UTF-8"?>
<testsuite name="pl.pjaskiewicz.udemy.cjm.sec6.lec42.SharedDigitTest" tests="2" skipped="0" failures="0" errors="0" timestamp="2018-09-07T17:14:10" hostname="DESKTOP-LOCDJ4N" time="0.008">
  <properties/>
  <testcase name="hasSharedDigit_TRUE" classname="pl.pjaskiewicz.udemy.cjm.sec6.lec42.SharedDigitTest" time="0.006"/>
  <testcase name="hasSharedDigit_FALSE" classname="pl.pjaskiewicz.udemy.cjm.sec6.lec42.SharedDigitTest" time="0.002"/>
  <system-out><![CDATA[1
2
2
3
1
0
1
0
1
5
5
5
1
0
2
3
]]></system-out>
  <system-err><![CDATA[]]></system-err>
</testsuite>
