<?xml version="1.0" encoding="UTF-8"?>
<testsuite name="pl.pjaskiewicz.udemy.cjm.sec8.lec67.PJ.BaseBurger" tests="1" skipped="0" failures="0" errors="0" timestamp="2018-09-07T17:14:10" hostname="DESKTOP-LOCDJ4N" time="0.0">
  <properties/>
  <testcase name="testString" classname="pl.pjaskiewicz.udemy.cjm.sec8.lec67.PJ.BaseBurger" time="0.0"/>
  <system-out><![CDATA[]]></system-out>
  <system-err><![CDATA[]]></system-err>
</testsuite>
