<?xml version="1.0" encoding="UTF-8"?>
<testsuite name="pl.pjaskiewicz.udemy.cjm.sec6.lec42.NumberToWordsTest" tests="3" skipped="0" failures="0" errors="0" timestamp="2018-07-13T09:16:48" hostname="DESKTOP-LOCDJ4N" time="0.006">
  <properties/>
  <testcase name="randomNumberTest" classname="pl.pjaskiewicz.udemy.cjm.sec6.lec42.NumberToWordsTest" time="0.001"/>
  <testcase name="negativeNumberTest" classname="pl.pjaskiewicz.udemy.cjm.sec6.lec42.NumberToWordsTest" time="0.003"/>
  <testcase name="zeroNumberTest" classname="pl.pjaskiewicz.udemy.cjm.sec6.lec42.NumberToWordsTest" time="0.001"/>
  <system-out><![CDATA[]]></system-out>
  <system-err><![CDATA[]]></system-err>
</testsuite>
