<?xml version="1.0" encoding="UTF-8"?>
<testsuite name="pl.pjaskiewicz.udemy.cjm.sec9.lec90.BankTest" tests="2" skipped="0" failures="0" errors="0" timestamp="2018-07-20T08:14:36" hostname="DESKTOP-LOCDJ4N" time="0.003">
  <properties/>
  <testcase name="findBranch" classname="pl.pjaskiewicz.udemy.cjm.sec9.lec90.BankTest" time="0.0"/>
  <testcase name="findCustomerInBranch" classname="pl.pjaskiewicz.udemy.cjm.sec9.lec90.BankTest" time="0.003"/>
  <system-out><![CDATA[Customer Piotr is in branch alfa
Customer Dalia is in branch alfa
Customer Jagoda is in branch alfa
Customer Leon is in branch alfa
Customer Piotr is not in branch bravo
The branch echo is not in the database
]]></system-out>
  <system-err><![CDATA[]]></system-err>
</testsuite>
