<?xml version="1.0" encoding="UTF-8"?>
<testsuite name="pl.pjaskiewicz.udemy.cjm.sec19.lec293.BankAccountTest" tests="3" skipped="0" failures="0" errors="0" timestamp="2018-07-12T08:43:45" hostname="DESKTOP-LOCDJ4N" time="0.002">
  <properties/>
  <testcase name="withdrawal" classname="pl.pjaskiewicz.udemy.cjm.sec19.lec293.BankAccountTest" time="0.001"/>
  <testcase name="getBalance" classname="pl.pjaskiewicz.udemy.cjm.sec19.lec293.BankAccountTest" time="0.0"/>
  <testcase name="deposit" classname="pl.pjaskiewicz.udemy.cjm.sec19.lec293.BankAccountTest" time="0.0"/>
  <system-out><![CDATA[]]></system-out>
  <system-err><![CDATA[]]></system-err>
</testsuite>
