<?xml version="1.0" encoding="UTF-8"?>
<testsuite name="pl.pjaskiewicz.udemy.cjm.sec8.lec67.PJ.Addition" tests="1" skipped="0" failures="0" errors="0" timestamp="2018-05-22T11:57:35" hostname="DESKTOP-LOCDJ4N" time="0.0">
  <properties/>
  <testcase name="StringTest" classname="pl.pjaskiewicz.udemy.cjm.sec8.lec67.PJ.Addition" time="0.0"/>
  <system-out><![CDATA[]]></system-out>
  <system-err><![CDATA[]]></system-err>
</testsuite>
