<?xml version="1.0" encoding="UTF-8"?>
<testsuite name="pl.pjaskiewicz.udemy.cjm.sec5.lec34.CodingExercises.DecimalComparator.MainTest" tests="1" skipped="0" failures="0" errors="0" timestamp="2018-09-06T16:55:43" hostname="DESKTOP-LOCDJ4N" time="0.001">
  <properties/>
  <testcase name="areEqualByThreeDecimalPlaces_TRUE" classname="pl.pjaskiewicz.udemy.cjm.sec5.lec34.CodingExercises.DecimalComparator.MainTest" time="0.001"/>
  <system-out><![CDATA[]]></system-out>
  <system-err><![CDATA[]]></system-err>
</testsuite>
