<?xml version="1.0" encoding="UTF-8"?>
<testsuite name="pl.pjaskiewicz.udemy.cjm.sec9.lec81.MainTest" tests="1" skipped="0" failures="0" errors="0" timestamp="2018-09-07T17:14:10" hostname="DESKTOP-LOCDJ4N" time="0.024">
  <properties/>
  <testcase name="reverse" classname="pl.pjaskiewicz.udemy.cjm.sec9.lec81.MainTest" time="0.024"/>
  <system-out><![CDATA[]]></system-out>
  <system-err><![CDATA[]]></system-err>
</testsuite>
