<?xml version="1.0" encoding="UTF-8"?>
<testsuite name="pl.pjaskiewicz.udemy.cjm.sec19.lec293.BankAccountTest" tests="5" skipped="0" failures="0" errors="0" timestamp="2018-07-13T09:16:48" hostname="DESKTOP-LOCDJ4N" time="0.009">
  <properties/>
  <testcase name="withdrawal" classname="pl.pjaskiewicz.udemy.cjm.sec19.lec293.BankAccountTest" time="0.002"/>
  <testcase name="getBalance_withdraw" classname="pl.pjaskiewicz.udemy.cjm.sec19.lec293.BankAccountTest" time="0.001"/>
  <testcase name="isChecking_true" classname="pl.pjaskiewicz.udemy.cjm.sec19.lec293.BankAccountTest" time="0.001"/>
  <testcase name="getBalance_deposit" classname="pl.pjaskiewicz.udemy.cjm.sec19.lec293.BankAccountTest" time="0.0"/>
  <testcase name="deposit" classname="pl.pjaskiewicz.udemy.cjm.sec19.lec293.BankAccountTest" time="0.0"/>
  <system-out><![CDATA[]]></system-out>
  <system-err><![CDATA[]]></system-err>
</testsuite>
